SUCCESS: Created "C:\Program Files\Photodex Presenter"
SUCCESS: Created "C:\Users\jarh\AppData\Roaming\Mozilla\Plugins"
SUCCESS: Created "C:\Users\jarh\AppData\Roaming\Netscape"
SUCCESS: Created "C:\Users\jarh\AppData\Roaming\Netscape\Plugins"
SUCCESS: Created "C:\Program Files\Photodex Presenter\uninst.exe"
SUCCESS: Created "C:\Program Files\Photodex Presenter\pxplay.exe"
SUCCESS: Created "C:\Program Files\Photodex Presenter\pxdown.exe"
SUCCESS: Created "C:\Program Files\Photodex Presenter\pxplay.ocx"
SUCCESS: Created "C:\Program Files\Photodex Presenter\ddt.dnt"
SUCCESS: Created "C:\Program Files\Photodex Presenter\about.px"
SUCCESS: Created "C:\Program Files\Photodex Presenter\accessdenied.px"
SUCCESS: Created "C:\Program Files\Photodex Presenter\buffering.px"
SUCCESS: Created "C:\Program Files\Photodex Presenter\complete.px"
SUCCESS: Created "C:\Program Files\Photodex Presenter\magic.px"
SUCCESS: Created "C:\Program Files\Photodex Presenter\intro.px"
SUCCESS: Created "C:\Program Files\Photodex Presenter\stalling.px"
SUCCESS: Created "C:\Program Files\Photodex Presenter\streamnotfound.px"
SUCCESS: Created "C:\Program Files\Photodex Presenter\wrongversion.px"
SUCCESS: Created "C:\Users\jarh\AppData\Roaming\Mozilla\Plugins\npPxPlay.dll"
SUCCESS: Created "C:\Users\jarh\AppData\Roaming\Mozilla\Plugins\nsIPxPlay.xpt"
SUCCESS: Created "C:\Users\jarh\AppData\Roaming\Netscape\Plugins\npPxPlay.dll"
SUCCESS: Created "C:\Users\jarh\AppData\Roaming\Netscape\Plugins\nsIPxPlay.xpt"
SUCCESS: Installation completed
